<?xml version="1.0" encoding="UTF-8"?>
<!-- Generated by org.testng.reporters.JUnitReportReporter -->
<testsuite hostname="LAPTOP-9Q4PB9CG" failures="0" tests="2" name="com.crm.qa.testcases.LoginPageTest" time="16.856" errors="0" timestamp="2024-11-19T00:04:49 IST" skipped="0">
  <testcase classname="com.crm.qa.testcases.LoginPageTest" name="loginPageTitleTest" time="10.074"/>
  <testcase classname="com.crm.qa.testcases.LoginPageTest" name="loginTest" time="6.782"/>
</testsuite> <!-- com.crm.qa.testcases.LoginPageTest -->
