<?xml version="1.0" encoding="UTF-8"?>
<!-- Generated by org.testng.reporters.JUnitReportReporter -->
<testsuite hostname="LAPTOP-9Q4PB9CG" failures="0" tests="5" name="com.crm.qa.testcases.ContactsPageTest" time="60.296" errors="0" timestamp="2024-11-19T00:04:49 IST" skipped="0">
  <testcase classname="com.crm.qa.testcases.ContactsPageTest" name="clickOnContact" time="10.470"/>
  <testcase classname="com.crm.qa.testcases.ContactsPageTest" name="verifycheckBoxIsSelectedOrNot" time="11.594"/>
  <testcase classname="com.crm.qa.testcases.ContactsPageTest" name="clickOnCreates" time="13.721"/>
  <testcase classname="com.crm.qa.testcases.ContactsPageTest" name="clickOnCreates" time="12.059"/>
  <testcase classname="com.crm.qa.testcases.ContactsPageTest" name="clickOnCreates" time="12.452"/>
</testsuite> <!-- com.crm.qa.testcases.ContactsPageTest -->
