<?xml version="1.0" encoding="UTF-8"?>
<!-- Generated by org.testng.reporters.JUnitReportReporter -->
<testsuite hostname="LAPTOP-9Q4PB9CG" failures="0" tests="3" name="com.crm.qa.testcases.HomePageTest" time="30.712" errors="0" timestamp="2024-11-19T00:04:49 IST" skipped="0">
  <testcase classname="com.crm.qa.testcases.HomePageTest" name="verifyLogUserTest" time="9.611"/>
  <testcase classname="com.crm.qa.testcases.HomePageTest" name="verifycallTest" time="9.059"/>
  <testcase classname="com.crm.qa.testcases.HomePageTest" name="clickOnContact" time="12.042"/>
</testsuite> <!-- com.crm.qa.testcases.HomePageTest -->
