<?xml version="1.0" encoding="UTF-8"?>
<!-- Generated by org.testng.reporters.JUnitReportReporter -->
<testsuite hostname="LAPTOP-9Q4PB9CG" failures="0" tests="3" name="com.crm.qa.testcases.HomePageTest" time="23.968" errors="0" timestamp="2024-11-19T10:58:03 IST" skipped="0">
  <testcase classname="com.crm.qa.testcases.HomePageTest" name="verifyLogUserTest" time="7.434"/>
  <testcase classname="com.crm.qa.testcases.HomePageTest" name="verifycallTest" time="8.273"/>
  <testcase classname="com.crm.qa.testcases.HomePageTest" name="clickOnContact" time="8.261"/>
</testsuite> <!-- com.crm.qa.testcases.HomePageTest -->
