<?xml version="1.0" encoding="UTF-8"?>
<!-- Generated by org.testng.reporters.JUnitReportReporter -->
<testsuite hostname="LAPTOP-9Q4PB9CG" failures="0" tests="5" name="com.crm.qa.testcases.ContactsPageTest" time="47.529" errors="0" timestamp="2024-11-19T10:58:03 IST" skipped="0">
  <testcase classname="com.crm.qa.testcases.ContactsPageTest" name="clickOnContact" time="10.241"/>
  <testcase classname="com.crm.qa.testcases.ContactsPageTest" name="verifycheckBoxIsSelectedOrNot" time="7.818"/>
  <testcase classname="com.crm.qa.testcases.ContactsPageTest" name="clickOnCreates" time="9.258"/>
  <testcase classname="com.crm.qa.testcases.ContactsPageTest" name="clickOnCreates" time="9.332"/>
  <testcase classname="com.crm.qa.testcases.ContactsPageTest" name="clickOnCreates" time="10.880"/>
</testsuite> <!-- com.crm.qa.testcases.ContactsPageTest -->
